0 info it worked if it ends with ok
1 verbose cli [ 'c:\\Program Files\\nodejs\\node.exe',
1 verbose cli   'c:\\Program Files\\nodejs\\node_modules\\npm\\bin\\npm-cli.js',
1 verbose cli   'install',
1 verbose cli   'git://github.com/genecyber/node-red-contrib-ui' ]
2 info using npm@3.3.12
3 info using node@v5.3.0
4 silly loadCurrentTree Starting
5 silly install loadCurrentTree
6 silly install readLocalPackageData
7 silly fetchPackageMetaData git://github.com/genecyber/node-red-contrib-ui
8 silly fetchOtherPackageData git://github.com/genecyber/node-red-contrib-ui
9 silly cache add args [ 'git://github.com/genecyber/node-red-contrib-ui', null ]
10 verbose cache add spec git://github.com/genecyber/node-red-contrib-ui
11 silly cache add parsed spec Result {
11 silly cache add   raw: 'git://github.com/genecyber/node-red-contrib-ui',
11 silly cache add   scope: null,
11 silly cache add   name: null,
11 silly cache add   rawSpec: 'git://github.com/genecyber/node-red-contrib-ui',
11 silly cache add   spec: 'git://github.com/genecyber/node-red-contrib-ui.git',
11 silly cache add   type: 'hosted',
11 silly cache add   hosted:
11 silly cache add    { type: 'github',
11 silly cache add      ssh: 'git@github.com:genecyber/node-red-contrib-ui.git',
11 silly cache add      sshUrl: 'git+ssh://git@github.com/genecyber/node-red-contrib-ui.git',
11 silly cache add      httpsUrl: 'git+https://github.com/genecyber/node-red-contrib-ui.git',
11 silly cache add      gitUrl: 'git://github.com/genecyber/node-red-contrib-ui.git',
11 silly cache add      shortcut: 'github:genecyber/node-red-contrib-ui',
11 silly cache add      directUrl: 'https://raw.githubusercontent.com/genecyber/node-red-contrib-ui/master/package.json' } }
12 verbose addRemoteGit caching git://github.com/genecyber/node-red-contrib-ui
13 verbose addRemoteGit git://github.com/genecyber/node-red-contrib-ui.git is a repository hosted by github
14 silly tryClone cloning git://github.com/genecyber/node-red-contrib-ui.git via git://github.com/genecyber/node-red-contrib-ui.git
15 verbose tryClone git-github-com-genecyber-node-red-contrib-ui-git-f4e61a4b3846c94fc63a1615141a33e3 not in flight; caching
16 info git [ 'config', '--get', 'remote.origin.url' ]
17 silly validateExistingRemote git://github.com/genecyber/node-red-contrib-ui.git remote.origin.url: git://github.com/genecyber/node-red-contrib-ui.git
18 verbose validateExistingRemote git://github.com/genecyber/node-red-contrib-ui.git is updating existing cached remote C:\Users\shann\AppData\Roaming\npm-cache\_git-remotes\git-github-com-genecyber-node-red-contrib-ui-git-f4e61a4b3846c94fc63a1615141a33e3
19 info git [ 'fetch', '-a', 'origin' ]
20 verbose updateRemote git fetch -a origin (git://github.com/genecyber/node-red-contrib-ui.git)
21 verbose setPermissions git://github.com/genecyber/node-red-contrib-ui.git skipping chownr on Windows
22 verbose resolveHead git://github.com/genecyber/node-red-contrib-ui.git original treeish: master
23 info git [ 'rev-list', '-n1', 'master' ]
24 silly resolveHead git://github.com/genecyber/node-red-contrib-ui.git resolved treeish: da2b4483ca19a5f8513eeffd07eae2a04fbfea3a
25 verbose resolveHead git://github.com/genecyber/node-red-contrib-ui.git resolved Git URL: git://github.com/genecyber/node-red-contrib-ui.git#da2b4483ca19a5f8513eeffd07eae2a04fbfea3a
26 silly resolveHead Git working directory: C:\Users\shann\AppData\Local\Temp\npm-14148-aacefa6d\git-cache-1d9aee31aa9c8c41e7e346c7b34593d7\da2b4483ca19a5f8513eeffd07eae2a04fbfea3a
27 info git [ 'clone',
27 info git   'C:\\Users\\shann\\AppData\\Roaming\\npm-cache\\_git-remotes\\git-github-com-genecyber-node-red-contrib-ui-git-f4e61a4b3846c94fc63a1615141a33e3',
27 info git   'C:\\Users\\shann\\AppData\\Local\\Temp\\npm-14148-aacefa6d\\git-cache-1d9aee31aa9c8c41e7e346c7b34593d7\\da2b4483ca19a5f8513eeffd07eae2a04fbfea3a' ]
28 verbose cloneResolved git://github.com/genecyber/node-red-contrib-ui.git clone Cloning into 'C:\Users\shann\AppData\Local\Temp\npm-14148-aacefa6d\git-cache-1d9aee31aa9c8c41e7e346c7b34593d7\da2b4483ca19a5f8513eeffd07eae2a04fbfea3a'...
28 verbose cloneResolved done.
29 info git [ 'checkout', 'da2b4483ca19a5f8513eeffd07eae2a04fbfea3a' ]
30 verbose checkoutTreeish git://github.com/genecyber/node-red-contrib-ui.git checkout Note: checking out 'da2b4483ca19a5f8513eeffd07eae2a04fbfea3a'.
30 verbose checkoutTreeish
30 verbose checkoutTreeish You are in 'detached HEAD' state. You can look around, make experimental
30 verbose checkoutTreeish changes and commit them, and you can discard any commits you make in this
30 verbose checkoutTreeish state without impacting any branches by performing another checkout.
30 verbose checkoutTreeish
30 verbose checkoutTreeish If you want to create a new branch to retain commits you create, you may
30 verbose checkoutTreeish do so (now or later) by using -b with the checkout command again. Example:
30 verbose checkoutTreeish
30 verbose checkoutTreeish   git checkout -b new_branch_name
30 verbose checkoutTreeish
30 verbose checkoutTreeish HEAD is now at da2b448... merge scooby and ui
31 verbose addLocalDirectory C:\Users\shann\AppData\Roaming\npm-cache\node-red-contrib-ui\1.2.19\package.tgz not in flight; packing
32 verbose tar pack [ 'C:\\Users\\shann\\AppData\\Roaming\\npm-cache\\node-red-contrib-ui\\1.2.19\\package.tgz',
32 verbose tar pack   'C:\\Users\\shann\\AppData\\Local\\Temp\\npm-14148-aacefa6d\\git-cache-1d9aee31aa9c8c41e7e346c7b34593d7\\da2b4483ca19a5f8513eeffd07eae2a04fbfea3a' ]
33 verbose tarball C:\Users\shann\AppData\Roaming\npm-cache\node-red-contrib-ui\1.2.19\package.tgz
34 verbose folder C:\Users\shann\AppData\Local\Temp\npm-14148-aacefa6d\git-cache-1d9aee31aa9c8c41e7e346c7b34593d7\da2b4483ca19a5f8513eeffd07eae2a04fbfea3a
35 verbose addLocalTarball adding from inside cache C:\Users\shann\AppData\Roaming\npm-cache\node-red-contrib-ui\1.2.19\package.tgz
36 verbose addRemoteGit data._from: git://github.com/genecyber/node-red-contrib-ui.git
37 verbose addRemoteGit data._resolved: git://github.com/genecyber/node-red-contrib-ui.git#da2b4483ca19a5f8513eeffd07eae2a04fbfea3a
38 silly cache afterAdd node-red-contrib-ui@1.2.19
39 verbose afterAdd C:\Users\shann\AppData\Roaming\npm-cache\node-red-contrib-ui\1.2.19\package\package.json not in flight; writing
40 verbose afterAdd C:\Users\shann\AppData\Roaming\npm-cache\node-red-contrib-ui\1.2.19\package\package.json written
41 silly install normalizeTree
42 silly loadCurrentTree Finishing
43 silly loadIdealTree Starting
44 silly install loadIdealTree
45 silly cloneCurrentTree Starting
46 silly install cloneCurrentTreeToIdealTree
47 silly cloneCurrentTree Finishing
48 silly loadShrinkwrap Starting
49 silly install loadShrinkwrap
50 silly loadShrinkwrap Finishing
51 silly loadAllDepsIntoIdealTree Starting
52 silly install loadAllDepsIntoIdealTree
53 silly rollbackFailedOptional Starting
54 silly rollbackFailedOptional Finishing
55 silly runTopLevelLifecycles Starting
56 silly runTopLevelLifecycles Finishing
57 silly install printInstalled
58 verbose stack Error: Refusing to install node-red-contrib-ui as a dependency of itself
58 verbose stack     at checkSelf (c:\Program Files\nodejs\node_modules\npm\lib\install\validate-args.js:40:14)
58 verbose stack     at Array.<anonymous> (c:\Program Files\nodejs\node_modules\npm\node_modules\slide\lib\bind-actor.js:15:8)
58 verbose stack     at LOOP (c:\Program Files\nodejs\node_modules\npm\node_modules\slide\lib\chain.js:15:14)
58 verbose stack     at chain (c:\Program Files\nodejs\node_modules\npm\node_modules\slide\lib\chain.js:20:5)
58 verbose stack     at c:\Program Files\nodejs\node_modules\npm\lib\install\validate-args.js:15:5
58 verbose stack     at c:\Program Files\nodejs\node_modules\npm\node_modules\slide\lib\async-map.js:52:35
58 verbose stack     at Array.forEach (native)
58 verbose stack     at c:\Program Files\nodejs\node_modules\npm\node_modules\slide\lib\async-map.js:52:11
58 verbose stack     at Array.forEach (native)
58 verbose stack     at asyncMap (c:\Program Files\nodejs\node_modules\npm\node_modules\slide\lib\async-map.js:51:8)
59 verbose cwd c:\repo\node-red-contrib-ui
60 error Windows_NT 10.0.10586
61 error argv "c:\\Program Files\\nodejs\\node.exe" "c:\\Program Files\\nodejs\\node_modules\\npm\\bin\\npm-cli.js" "install" "git://github.com/genecyber/node-red-contrib-ui"
62 error node v5.3.0
63 error npm  v3.3.12
64 error code ENOSELF
65 error Refusing to install node-red-contrib-ui as a dependency of itself
66 error If you need help, you may report this error at:
66 error     <https://github.com/npm/npm/issues>
67 verbose exit [ 1, true ]
